[debug] [2025-08-08T19:48:42.317Z] ----------------------------------------------------------------------
[debug] [2025-08-08T19:48:42.319Z] Command:       /home/manny/.nvm/versions/node/v20.19.2/bin/node /home/manny/.nvm/versions/node/v20.19.2/bin/firebase functions:log --only checkDailyCommonTasks
[debug] [2025-08-08T19:48:42.319Z] CLI Version:   14.12.0
[debug] [2025-08-08T19:48:42.319Z] Platform:      linux
[debug] [2025-08-08T19:48:42.319Z] Node Version:  v20.19.2
[debug] [2025-08-08T19:48:42.319Z] Time:          Fri Aug 08 2025 12:48:42 GMT-0700 (Pacific Daylight Time)
[debug] [2025-08-08T19:48:42.319Z] ----------------------------------------------------------------------
[debug] 
[debug] [2025-08-08T19:48:42.475Z] > command requires scopes: ["email","openid","https://www.googleapis.com/auth/cloudplatformprojects.readonly","https://www.googleapis.com/auth/firebase","https://www.googleapis.com/auth/cloud-platform"]
[debug] [2025-08-08T19:48:42.475Z] > authorizing via signed-in user (casta.ma502@gmail.com)
[debug] [2025-08-08T19:48:42.475Z] [iam] checking project leveling-e6bab for permissions ["firebase.projects.get","logging.logEntries.list","logging.logs.list"]
[debug] [2025-08-08T19:48:42.476Z] Checked if tokens are valid: true, expires at: 1754683913383
[debug] [2025-08-08T19:48:42.476Z] Checked if tokens are valid: true, expires at: 1754683913383
[debug] [2025-08-08T19:48:42.477Z] >>> [apiv2][query] POST https://cloudresourcemanager.googleapis.com/v1/projects/leveling-e6bab:testIamPermissions [none]
[debug] [2025-08-08T19:48:42.477Z] >>> [apiv2][(partial)header] POST https://cloudresourcemanager.googleapis.com/v1/projects/leveling-e6bab:testIamPermissions x-goog-quota-user=projects/leveling-e6bab
[debug] [2025-08-08T19:48:42.477Z] >>> [apiv2][body] POST https://cloudresourcemanager.googleapis.com/v1/projects/leveling-e6bab:testIamPermissions {"permissions":["firebase.projects.get","logging.logEntries.list","logging.logs.list"]}
[debug] [2025-08-08T19:48:42.947Z] <<< [apiv2][status] POST https://cloudresourcemanager.googleapis.com/v1/projects/leveling-e6bab:testIamPermissions 200
[debug] [2025-08-08T19:48:42.948Z] <<< [apiv2][body] POST https://cloudresourcemanager.googleapis.com/v1/projects/leveling-e6bab:testIamPermissions {"permissions":["firebase.projects.get","logging.logEntries.list","logging.logs.list"]}
[debug] [2025-08-08T19:48:42.948Z] Checked if tokens are valid: true, expires at: 1754683913383
[debug] [2025-08-08T19:48:42.949Z] Checked if tokens are valid: true, expires at: 1754683913383
[debug] [2025-08-08T19:48:42.949Z] >>> [apiv2][query] POST https://logging.googleapis.com/v2/entries:list [none]
[debug] [2025-08-08T19:48:42.949Z] >>> [apiv2][body] POST https://logging.googleapis.com/v2/entries:list {"resourceNames":["projects/leveling-e6bab"],"filter":"resource.type=\"cloud_function\" OR (resource.type=\"cloud_run_revision\" AND labels.\"goog-managed-by\"=\"cloudfunctions\")\n(resource.labels.function_name=\"checkDailyCommonTasks\" OR resource.labels.service_name=\"checkDailyCommonTasks\")","orderBy":"timestamp desc","pageSize":35}
